Base path: 'C:/Program Files/Unity/Hub/Editor/2019.4.5f1/Editor/Data', plugins path 'C:/Program Files/Unity/Hub/Editor/2019.4.5f1/Editor/Data/PlaybackEngines'
Cmd: initializeCompiler
Cmd: preprocess
  insize=811 outsize=209 ok=1
Cmd: preprocess
  insize=811 outsize=209 ok=1
Cmd: preprocess
  insize=811 outsize=209 ok=1
Cmd: preprocess
  insize=811 outsize=209 ok=1
Cmd: preprocess
  insize=811 outsize=209 ok=1
Cmd: preprocess
  insize=811 outsize=209 ok=1
Cmd: preprocess
  insize=811 outsize=209 ok=1
Cmd: preprocess
  insize=811 outsize=209 ok=1
Cmd: preprocess
  insize=811 outsize=209 ok=1
Cmd: preprocess
  insize=811 outsize=209 ok=1
Cmd: preprocess
  insize=811 outsize=209 ok=1
Cmd: preprocess
  insize=811 outsize=209 ok=1
Cmd: preprocess
  insize=811 outsize=209 ok=1
Cmd: preprocess
  insize=811 outsize=209 ok=1
Cmd: preprocess
  insize=811 outsize=209 ok=1
Cmd: preprocess
  insize=811 outsize=209 ok=1
Cmd: preprocess
  insize=811 outsize=209 ok=1
Cmd: preprocess
  insize=811 outsize=209 ok=1
Cmd: preprocess
  insize=811 outsize=209 ok=1
Cmd: preprocess
  insize=811 outsize=209 ok=1
Cmd: preprocess
  insize=811 outsize=209 ok=1
Cmd: preprocess
  insize=811 outsize=209 ok=1
Cmd: preprocess
  insize=811 outsize=209 ok=1
Cmd: preprocess
  insize=811 outsize=209 ok=1
Cmd: preprocess
  insize=811 outsize=209 ok=1
Cmd: preprocess
  insize=811 outsize=209 ok=1
Cmd: preprocess
  insize=811 outsize=209 ok=1
Cmd: preprocess
  insize=811 outsize=209 ok=1
Cmd: preprocess
  insize=811 outsize=209 ok=1
Cmd: preprocess
  insize=811 outsize=209 ok=1
Cmd: preprocess
  insize=811 outsize=209 ok=1
Cmd: preprocess
  insize=811 outsize=209 ok=1
Cmd: preprocess
  insize=811 outsize=209 ok=1
Cmd: preprocess
  insize=811 outsize=209 ok=1
Cmd: preprocess
  insize=811 outsize=209 ok=1
Cmd: preprocess
  insize=811 outsize=209 ok=1
Cmd: preprocess
  insize=811 outsize=209 ok=1
Cmd: preprocess
  insize=811 outsize=209 ok=1
Cmd: preprocess
  insize=811 outsize=209 ok=1
Cmd: preprocess
  insize=811 outsize=209 ok=1
Cmd: preprocess
  insize=811 outsize=209 ok=1
Cmd: preprocess
  insize=811 outsize=209 ok=1
Cmd: preprocess
  insize=811 outsize=209 ok=1
Cmd: preprocess
  insize=811 outsize=209 ok=1
Cmd: preprocess
  insize=811 outsize=209 ok=1
Cmd: preprocess
  insize=811 outsize=209 ok=1
Cmd: preprocess
  insize=811 outsize=209 ok=1
Cmd: preprocess
  insize=811 outsize=209 ok=1
Cmd: preprocess
  insize=811 outsize=209 ok=1
Cmd: preprocess
  insize=811 outsize=209 ok=1
Cmd: preprocess
  insize=811 outsize=209 ok=1
Cmd: preprocess
  insize=811 outsize=209 ok=1
Cmd: preprocess
  insize=811 outsize=209 ok=1
Cmd: preprocess
  insize=811 outsize=209 ok=1
Cmd: preprocess
  insize=811 outsize=209 ok=1
Cmd: preprocess
  insize=811 outsize=209 ok=1
Cmd: preprocess
  insize=811 outsize=209 ok=1
Cmd: preprocess
  insize=811 outsize=209 ok=1
Cmd: preprocess
  insize=811 outsize=209 ok=1
Cmd: preprocess
  insize=811 outsize=209 ok=1
Cmd: preprocess
  insize=811 outsize=209 ok=1
Cmd: preprocess
  insize=811 outsize=209 ok=1
Cmd: preprocess
  insize=811 outsize=209 ok=1
Cmd: preprocess
  insize=811 outsize=209 ok=1
Cmd: preprocess
  insize=811 outsize=209 ok=1
Cmd: preprocess
  insize=811 outsize=209 ok=1
Cmd: preprocess
  insize=811 outsize=209 ok=1
Cmd: preprocess
  insize=811 outsize=209 ok=1
Cmd: preprocess
  insize=811 outsize=209 ok=1
Cmd: preprocess
  insize=811 outsize=209 ok=1
Cmd: preprocess
  insize=811 outsize=209 ok=1
Cmd: preprocess
  insize=6196 outsize=1869 ok=1
Cmd: preprocess
  insize=6196 outsize=1869 ok=1
Cmd: preprocess
  insize=6196 outsize=1869 ok=1
Cmd: preprocess
  insize=6196 outsize=1869 ok=1
Cmd: preprocess
  insize=9055 outsize=1857 ok=1
Cmd: preprocess
  insize=10682 outsize=1857 ok=1
Cmd: preprocess
  insize=7260 outsize=1868 ok=1
Cmd: preprocess
  insize=6854 outsize=1869 ok=1
Cmd: preprocess
  insize=10444 outsize=1858 ok=1
Cmd: preprocess
  insize=6854 outsize=1867 ok=1
Cmd: preprocess
  insize=6196 outsize=1869 ok=1
Cmd: preprocess
  insize=6196 outsize=1869 ok=1
Cmd: preprocess
  insize=6196 outsize=1869 ok=1
Cmd: preprocess
  insize=13470 outsize=1857 ok=1
Cmd: preprocess
  insize=7527 outsize=1869 ok=1
Cmd: preprocess
  insize=88929 outsize=4128 ok=1
Cmd: preprocess
  insize=6758 outsize=1869 ok=1
Cmd: preprocess
  insize=6758 outsize=1869 ok=1
Cmd: preprocess
  insize=9056 outsize=1858 ok=1
Cmd: preprocess
  insize=6490 outsize=1861 ok=1
Cmd: preprocess
  insize=9311 outsize=1858 ok=1
Cmd: preprocess
  insize=6832 outsize=1858 ok=1
Cmd: preprocess
  insize=5942 outsize=1861 ok=1
Cmd: preprocess
  insize=6849 outsize=1867 ok=1
Cmd: preprocess
  insize=7173 outsize=1862 ok=1
Cmd: preprocess
  insize=7391 outsize=1861 ok=1
Cmd: preprocess
  insize=6758 outsize=1869 ok=1
Cmd: preprocess
  insize=7837 outsize=1862 ok=1
Cmd: preprocess
  insize=6965 outsize=1869 ok=1
Cmd: preprocess
  insize=5871 outsize=1862 ok=1
Cmd: preprocess
  insize=8607 outsize=1862 ok=1
Cmd: preprocess
  insize=7055 outsize=1862 ok=1
Cmd: preprocess
  insize=9850 outsize=1862 ok=1
Cmd: preprocess
  insize=7068 outsize=1862 ok=1
Cmd: preprocess
  insize=10943 outsize=1857 ok=1
Cmd: preprocess
  insize=5726 outsize=1862 ok=1
Cmd: preprocess
  insize=7157 outsize=1858 ok=1
Cmd: preprocess
  insize=9628 outsize=1858 ok=1
Cmd: preprocess
  insize=6758 outsize=1869 ok=1
Cmd: preprocess
  insize=7260 outsize=1868 ok=1
Cmd: preprocess
  insize=8628 outsize=1874 ok=1
Cmd: preprocess
  insize=811 outsize=209 ok=1
Cmd: preprocess
  insize=811 outsize=209 ok=1
Cmd: preprocess
  insize=811 outsize=209 ok=1
Cmd: preprocess
  insize=811 outsize=209 ok=1
Cmd: preprocess
  insize=811 outsize=209 ok=1
Cmd: preprocess
  insize=811 outsize=209 ok=1
Cmd: preprocess
  insize=811 outsize=209 ok=1
Cmd: preprocess
  insize=811 outsize=209 ok=1
Cmd: preprocess
  insize=811 outsize=209 ok=1
Cmd: preprocess
  insize=811 outsize=209 ok=1
Cmd: preprocess
  insize=811 outsize=209 ok=1
Cmd: preprocess
  insize=811 outsize=209 ok=1
Cmd: preprocess
  insize=811 outsize=209 ok=1
Cmd: preprocess
  insize=811 outsize=209 ok=1
Cmd: preprocess
  insize=811 outsize=209 ok=1
Cmd: preprocess
  insize=811 outsize=209 ok=1
Cmd: preprocess
  insize=811 outsize=209 ok=1
Cmd: preprocess
  insize=811 outsize=209 ok=1
Cmd: preprocess
  insize=811 outsize=209 ok=1
Cmd: preprocess
  insize=811 outsize=209 ok=1
Cmd: preprocess
  insize=811 outsize=209 ok=1
Cmd: preprocess
  insize=811 outsize=209 ok=1
Cmd: preprocess
  insize=811 outsize=209 ok=1
Cmd: preprocess
  insize=811 outsize=209 ok=1
Cmd: preprocess
  insize=811 outsize=209 ok=1
Cmd: preprocess
  insize=811 outsize=209 ok=1
Cmd: preprocess
  insize=811 outsize=209 ok=1
Cmd: preprocess
  insize=811 outsize=209 ok=1
Cmd: preprocess
  insize=811 outsize=209 ok=1
Cmd: preprocess
  insize=811 outsize=209 ok=1
Cmd: preprocess
  insize=811 outsize=209 ok=1
Cmd: preprocess
  insize=811 outsize=209 ok=1
Cmd: preprocess
  insize=811 outsize=209 ok=1
Cmd: preprocess
  insize=811 outsize=209 ok=1
Cmd: preprocess
  insize=811 outsize=209 ok=1
Cmd: preprocess
  insize=811 outsize=209 ok=1
Cmd: preprocess
  insize=811 outsize=209 ok=1
Cmd: preprocess
  insize=811 outsize=209 ok=1
Cmd: preprocess
  insize=811 outsize=209 ok=1
Cmd: preprocess
  insize=811 outsize=209 ok=1
Cmd: preprocess
  insize=811 outsize=209 ok=1
Cmd: preprocess
  insize=811 outsize=209 ok=1
Cmd: preprocess
  insize=811 outsize=209 ok=1
Cmd: preprocess
  insize=811 outsize=209 ok=1
Cmd: preprocess
  insize=811 outsize=209 ok=1
Cmd: preprocess
  insize=811 outsize=209 ok=1
Cmd: preprocess
  insize=811 outsize=209 ok=1
Cmd: preprocess
  insize=811 outsize=209 ok=1
Cmd: preprocess
  insize=811 outsize=209 ok=1
Cmd: preprocess
  insize=811 outsize=209 ok=1
Cmd: preprocess
  insize=811 outsize=209 ok=1
Cmd: preprocess
  insize=811 outsize=209 ok=1
Cmd: preprocess
  insize=811 outsize=209 ok=1
Cmd: preprocess
  insize=811 outsize=209 ok=1
Cmd: preprocess
  insize=811 outsize=209 ok=1
Cmd: preprocess
  insize=811 outsize=209 ok=1
Cmd: preprocess
  insize=811 outsize=209 ok=1
Cmd: preprocess
  insize=811 outsize=209 ok=1
Cmd: preprocess
  insize=811 outsize=209 ok=1
Cmd: preprocess
  insize=811 outsize=209 ok=1
Cmd: preprocess
  insize=811 outsize=209 ok=1
Cmd: preprocess
  insize=811 outsize=209 ok=1
Cmd: preprocess
  insize=811 outsize=209 ok=1
Cmd: preprocess
  insize=811 outsize=209 ok=1
Cmd: preprocess
  insize=811 outsize=209 ok=1
Cmd: preprocess
  insize=811 outsize=209 ok=1
Cmd: preprocess
  insize=811 outsize=209 ok=1
Cmd: preprocess
  insize=811 outsize=209 ok=1
Cmd: preprocess
  insize=811 outsize=209 ok=1
Cmd: preprocess
  insize=811 outsize=209 ok=1
Cmd: preprocess
  insize=811 outsize=209 ok=1
Cmd: preprocess
  insize=6196 outsize=1869 ok=1
Cmd: preprocess
  insize=6196 outsize=1869 ok=1
Cmd: preprocess
  insize=6196 outsize=1869 ok=1
Cmd: preprocess
  insize=6196 outsize=1869 ok=1
Cmd: preprocess
  insize=9055 outsize=1857 ok=1
Cmd: preprocess
  insize=10682 outsize=1857 ok=1
Cmd: preprocess
  insize=7260 outsize=1868 ok=1
Cmd: preprocess
  insize=6854 outsize=1869 ok=1
Cmd: preprocess
  insize=10444 outsize=1858 ok=1
Cmd: preprocess
  insize=6854 outsize=1867 ok=1
Cmd: preprocess
  insize=6196 outsize=1869 ok=1
Cmd: preprocess
  insize=6196 outsize=1869 ok=1
Cmd: preprocess
  insize=6196 outsize=1869 ok=1
Cmd: preprocess
  insize=13470 outsize=1857 ok=1
Cmd: preprocess
  insize=7527 outsize=1869 ok=1
Cmd: preprocess
  insize=88929 outsize=4128 ok=1
Cmd: preprocess
  insize=6758 outsize=1869 ok=1
Cmd: preprocess
  insize=6758 outsize=1869 ok=1
Cmd: preprocess
  insize=9056 outsize=1858 ok=1
Cmd: preprocess
  insize=6490 outsize=1861 ok=1
Cmd: preprocess
  insize=9311 outsize=1858 ok=1
Cmd: preprocess
  insize=6832 outsize=1858 ok=1
Cmd: preprocess
  insize=5942 outsize=1861 ok=1
Cmd: preprocess
  insize=6849 outsize=1867 ok=1
Cmd: preprocess
  insize=7173 outsize=1862 ok=1
Cmd: preprocess
  insize=7391 outsize=1861 ok=1
Cmd: preprocess
  insize=6758 outsize=1869 ok=1
Cmd: preprocess
  insize=7837 outsize=1862 ok=1
Cmd: preprocess
  insize=6965 outsize=1869 ok=1
Cmd: preprocess
  insize=5871 outsize=1862 ok=1
Cmd: preprocess
  insize=8607 outsize=1862 ok=1
Cmd: preprocess
  insize=7055 outsize=1862 ok=1
Cmd: preprocess
  insize=9850 outsize=1862 ok=1
Cmd: preprocess
  insize=7068 outsize=1862 ok=1
Cmd: preprocess
  insize=10943 outsize=1857 ok=1
Cmd: preprocess
  insize=5726 outsize=1862 ok=1
Cmd: preprocess
  insize=7157 outsize=1858 ok=1
Cmd: preprocess
  insize=9628 outsize=1858 ok=1
Cmd: preprocess
  insize=6758 outsize=1869 ok=1
Cmd: preprocess
  insize=7260 outsize=1868 ok=1
Cmd: preprocess
  insize=8628 outsize=1874 ok=1
Cmd: preprocess
  insize=8628 outsize=1874 ok=1
Cmd: preprocess
  insize=7068 outsize=1862 ok=1
Cmd: preprocess
  insize=8607 outsize=1862 ok=1
Cmd: preprocess
  insize=10943 outsize=1857 ok=1
Cmd: preprocess
  insize=13470 outsize=1857 ok=1
Cmd: preprocess
  insize=88929 outsize=4128 ok=1
Cmd: preprocess
  insize=9850 outsize=1862 ok=1
Cmd: preprocess
  insize=6758 outsize=1869 ok=1
Cmd: preprocess
  insize=5871 outsize=1862 ok=1
Cmd: preprocess
  insize=6965 outsize=1869 ok=1
Cmd: preprocess
  insize=7527 outsize=1869 ok=1
Cmd: preprocess
  insize=9628 outsize=1858 ok=1
Cmd: preprocess
  insize=7837 outsize=1862 ok=1
Cmd: preprocess
  insize=10444 outsize=1858 ok=1
Cmd: preprocess
  insize=9055 outsize=1857 ok=1
Cmd: preprocess
  insize=10682 outsize=1857 ok=1
Cmd: preprocess
  insize=7391 outsize=1861 ok=1
Cmd: preprocess
  insize=9056 outsize=1858 ok=1
Cmd: preprocess
  insize=7173 outsize=1862 ok=1
Cmd: preprocess
  insize=6849 outsize=1867 ok=1
Cmd: preprocess
  insize=6490 outsize=1861 ok=1
Cmd: preprocess
  insize=6832 outsize=1858 ok=1
Cmd: preprocess
  insize=9311 outsize=1858 ok=1
Cmd: preprocess
  insize=7055 outsize=1862 ok=1
Cmd: preprocess
  insize=6758 outsize=1869 ok=1
Cmd: preprocess
  insize=6758 outsize=1869 ok=1
Cmd: preprocess
  insize=6758 outsize=1869 ok=1
Cmd: preprocess
  insize=7157 outsize=1858 ok=1
Cmd: preprocess
  insize=6196 outsize=1869 ok=1
Cmd: preprocess
  insize=6854 outsize=1867 ok=1
Cmd: preprocess
  insize=7260 outsize=1868 ok=1
Cmd: preprocess
  insize=6854 outsize=1869 ok=1
Cmd: preprocess
  insize=7260 outsize=1868 ok=1
Cmd: preprocess
  insize=6196 outsize=1869 ok=1
Cmd: preprocess
  insize=6196 outsize=1869 ok=1
Cmd: preprocess
  insize=6196 outsize=1869 ok=1
Cmd: preprocess
  insize=6196 outsize=1869 ok=1
Cmd: preprocess
  insize=6196 outsize=1869 ok=1
Cmd: preprocess
  insize=6196 outsize=1869 ok=1
Cmd: preprocessCompute
  insize=6374 outsize=6376 ok=1
Cmd: compileComputeKernel
  api=4 insize=6376 outsize=2003 ok=1
Cmd: preprocessCompute
  insize=5816 outsize=5818 ok=1
Cmd: compileComputeKernel
  api=4 insize=5818 outsize=1508 ok=1
Cmd: preprocess
  insize=39494 outsize=625 ok=1
Cmd: preprocessCompute
  insize=1968 outsize=1970 ok=1
Cmd: compileComputeKernel
  api=4 insize=1970 outsize=1398 ok=1
Cmd: compileSnippet
  api=4 type=0 insize=22570 outsize=3346 kw= pd=UNITY_ENABLE_REFLECTION_BUFFERS UNITY_USE_DITHER_MASK_FOR_ALPHABLENDED_SHADOWS UNITY_PBS_USE_BRDF1 UNITY_SPECCUBE_BOX_PROJECTION UNITY_SPECCUBE_BLENDING UNITY_ENABLE_DETAIL_NORMALMAP SHADER_API_DESKTOP UNITY_LIGHT_PROBE_PROXY_VOLUME UNITY_LIGHTMAP_FULL_HDR ok=1
Cmd: compileSnippet
  api=4 type=1 insize=22570 outsize=426 kw= pd=UNITY_ENABLE_REFLECTION_BUFFERS UNITY_USE_DITHER_MASK_FOR_ALPHABLENDED_SHADOWS UNITY_PBS_USE_BRDF1 UNITY_SPECCUBE_BOX_PROJECTION UNITY_SPECCUBE_BLENDING UNITY_ENABLE_DETAIL_NORMALMAP SHADER_API_DESKTOP UNITY_LIGHT_PROBE_PROXY_VOLUME UNITY_LIGHTMAP_FULL_HDR ok=1
Cmd: preprocessCompute
  insize=6340 outsize=6342 ok=1
Cmd: compileComputeKernel
  api=4 insize=6342 outsize=2207 ok=1
Cmd: preprocessCompute
  insize=5816 outsize=5818 ok=1
Cmd: preprocess
  insize=39494 outsize=625 ok=1
Cmd: preprocessCompute
  insize=1968 outsize=1970 ok=1
Cmd: compileSnippet
  api=4 type=0 insize=3912 outsize=1490 kw= pd=UNITY_ENABLE_REFLECTION_BUFFERS UNITY_USE_DITHER_MASK_FOR_ALPHABLENDED_SHADOWS UNITY_PBS_USE_BRDF1 UNITY_SPECCUBE_BOX_PROJECTION UNITY_SPECCUBE_BLENDING UNITY_ENABLE_DETAIL_NORMALMAP SHADER_API_DESKTOP UNITY_LIGHT_PROBE_PROXY_VOLUME UNITY_LIGHTMAP_FULL_HDR ok=1
Cmd: compileSnippet
  api=4 type=1 insize=3912 outsize=1502 kw= pd=UNITY_ENABLE_REFLECTION_BUFFERS UNITY_USE_DITHER_MASK_FOR_ALPHABLENDED_SHADOWS UNITY_PBS_USE_BRDF1 UNITY_SPECCUBE_BOX_PROJECTION UNITY_SPECCUBE_BLENDING UNITY_ENABLE_DETAIL_NORMALMAP SHADER_API_DESKTOP UNITY_LIGHT_PROBE_PROXY_VOLUME UNITY_LIGHTMAP_FULL_HDR ok=1
Cmd: compileSnippet
  api=4 type=0 insize=3555 outsize=1358 kw= pd=UNITY_ENABLE_REFLECTION_BUFFERS UNITY_USE_DITHER_MASK_FOR_ALPHABLENDED_SHADOWS UNITY_PBS_USE_BRDF1 UNITY_SPECCUBE_BOX_PROJECTION UNITY_SPECCUBE_BLENDING UNITY_ENABLE_DETAIL_NORMALMAP SHADER_API_DESKTOP UNITY_LIGHT_PROBE_PROXY_VOLUME UNITY_LIGHTMAP_FULL_HDR ok=1
Cmd: compileSnippet
  api=4 type=1 insize=3555 outsize=1046 kw= pd=UNITY_ENABLE_REFLECTION_BUFFERS UNITY_USE_DITHER_MASK_FOR_ALPHABLENDED_SHADOWS UNITY_PBS_USE_BRDF1 UNITY_SPECCUBE_BOX_PROJECTION UNITY_SPECCUBE_BLENDING UNITY_ENABLE_DETAIL_NORMALMAP SHADER_API_DESKTOP UNITY_LIGHT_PROBE_PROXY_VOLUME UNITY_LIGHTMAP_FULL_HDR ok=1
Cmd: preprocessCompute
  insize=6342 outsize=6344 ok=1
Cmd: compileComputeKernel
  api=4 insize=6344 outsize=2207 ok=1
Cmd: preprocessCompute
  insize=5822 outsize=5824 ok=1
Cmd: compileComputeKernel
  api=4 insize=5824 outsize=1508 ok=1
Cmd: preprocess
  insize=39504 outsize=626 ok=1
Cmd: preprocessCompute
  insize=1969 outsize=1971 ok=1
Cmd: compileComputeKernel
  api=4 insize=1971 outsize=1398 ok=1
Cmd: compileSnippet
  api=4 type=0 insize=22575 outsize=3346 kw= pd=UNITY_ENABLE_REFLECTION_BUFFERS UNITY_USE_DITHER_MASK_FOR_ALPHABLENDED_SHADOWS UNITY_PBS_USE_BRDF1 UNITY_SPECCUBE_BOX_PROJECTION UNITY_SPECCUBE_BLENDING UNITY_ENABLE_DETAIL_NORMALMAP SHADER_API_DESKTOP UNITY_LIGHT_PROBE_PROXY_VOLUME UNITY_LIGHTMAP_FULL_HDR ok=1
Cmd: compileSnippet
  api=4 type=1 insize=22575 outsize=426 kw= pd=UNITY_ENABLE_REFLECTION_BUFFERS UNITY_USE_DITHER_MASK_FOR_ALPHABLENDED_SHADOWS UNITY_PBS_USE_BRDF1 UNITY_SPECCUBE_BOX_PROJECTION UNITY_SPECCUBE_BLENDING UNITY_ENABLE_DETAIL_NORMALMAP SHADER_API_DESKTOP UNITY_LIGHT_PROBE_PROXY_VOLUME UNITY_LIGHTMAP_FULL_HDR ok=1
Cmd: preprocessCompute
  insize=5626 outsize=5628 ok=1
Cmd: compileComputeKernel
  api=4 insize=5628 outsize=1673 ok=1
Cmd: preprocessCompute
  insize=4904 outsize=4906 ok=1
Cmd: compileComputeKernel
  api=4 insize=4906 outsize=1316 ok=1
Cmd: preprocess
  insize=39230 outsize=626 ok=1
Cmd: preprocessCompute
  insize=1926 outsize=1928 ok=1
Cmd: compileComputeKernel
  api=4 insize=1928 outsize=1119 ok=1
Cmd: compileSnippet
  api=4 type=0 insize=22438 outsize=3074 kw= pd=UNITY_ENABLE_REFLECTION_BUFFERS UNITY_USE_DITHER_MASK_FOR_ALPHABLENDED_SHADOWS UNITY_PBS_USE_BRDF1 UNITY_SPECCUBE_BOX_PROJECTION UNITY_SPECCUBE_BLENDING UNITY_ENABLE_DETAIL_NORMALMAP SHADER_API_DESKTOP UNITY_LIGHT_PROBE_PROXY_VOLUME UNITY_LIGHTMAP_FULL_HDR ok=1
Cmd: compileSnippet
  api=4 type=1 insize=22438 outsize=426 kw= pd=UNITY_ENABLE_REFLECTION_BUFFERS UNITY_USE_DITHER_MASK_FOR_ALPHABLENDED_SHADOWS UNITY_PBS_USE_BRDF1 UNITY_SPECCUBE_BOX_PROJECTION UNITY_SPECCUBE_BLENDING UNITY_ENABLE_DETAIL_NORMALMAP SHADER_API_DESKTOP UNITY_LIGHT_PROBE_PROXY_VOLUME UNITY_LIGHTMAP_FULL_HDR ok=1
Cmd: preprocessCompute
  insize=6342 outsize=6344 ok=1
Cmd: preprocessCompute
  insize=5822 outsize=5824 ok=1
Cmd: preprocess
  insize=39504 outsize=626 ok=1
Cmd: preprocessCompute
  insize=1969 outsize=1971 ok=1
Cmd: preprocessCompute
  insize=7661 outsize=7663 ok=1
Cmd: compileComputeKernel
  api=4 insize=7663 outsize=2597 ok=1
Cmd: preprocessCompute
  insize=5822 outsize=5824 ok=1
Cmd: preprocess
  insize=39504 outsize=626 ok=1
Cmd: preprocessCompute
  insize=1969 outsize=1971 ok=1
Cmd: preprocessCompute
  insize=8149 outsize=8151 ok=1
Cmd: compileComputeKernel
  api=4 insize=8151 outsize=3366 ok=1
Cmd: preprocessCompute
  insize=5822 outsize=5824 ok=1
Cmd: preprocess
  insize=39504 outsize=626 ok=1
Cmd: preprocessCompute
  insize=1969 outsize=1971 ok=1
Cmd: preprocessCompute
  insize=7661 outsize=7663 ok=1
Cmd: preprocessCompute
  insize=5822 outsize=5824 ok=1
Cmd: preprocess
  insize=39504 outsize=626 ok=1
Cmd: preprocessCompute
  insize=1969 outsize=1971 ok=1
Cmd: preprocessCompute
  insize=8149 outsize=8151 ok=1
Cmd: preprocessCompute
  insize=5822 outsize=5824 ok=1
Cmd: preprocess
  insize=39504 outsize=626 ok=1
Cmd: preprocessCompute
  insize=1969 outsize=1971 ok=1
Cmd: preprocessCompute
  insize=7661 outsize=7663 ok=1
Cmd: preprocessCompute
  insize=5822 outsize=5824 ok=1
Cmd: preprocess
  insize=39504 outsize=626 ok=1
Cmd: preprocessCompute
  insize=1969 outsize=1971 ok=1
Cmd: preprocessCompute
  insize=7664 outsize=7666 ok=1
Cmd: compileComputeKernel
  api=4 insize=7666 outsize=2765 ok=1
Cmd: preprocessCompute
  insize=5822 outsize=5824 ok=1
Cmd: preprocess
  insize=39504 outsize=626 ok=1
Cmd: preprocessCompute
  insize=1969 outsize=1971 ok=1
Cmd: preprocessCompute
  insize=7683 outsize=7685 ok=1
Cmd: compileComputeKernel
  api=4 insize=7685 outsize=2879 ok=1
Cmd: preprocessCompute
  insize=5822 outsize=5824 ok=1
Cmd: preprocess
  insize=39504 outsize=626 ok=1
Cmd: preprocessCompute
  insize=1969 outsize=1971 ok=1
Cmd: preprocessCompute
  insize=7683 outsize=7685 ok=1
Cmd: compileComputeKernel
  api=4 insize=7685 outsize=2879 ok=1
Cmd: preprocessCompute
  insize=5822 outsize=5824 ok=1
Cmd: preprocess
  insize=39504 outsize=626 ok=1
Cmd: preprocessCompute
  insize=1969 outsize=1971 ok=1
Cmd: preprocessCompute
  insize=7661 outsize=7663 ok=1
Cmd: preprocessCompute
  insize=5822 outsize=5824 ok=1
Cmd: preprocess
  insize=39504 outsize=626 ok=1
Cmd: preprocessCompute
  insize=1969 outsize=1971 ok=1
Cmd: preprocessCompute
  insize=7801 outsize=7803 ok=1
Cmd: compileComputeKernel
  api=4 insize=7803 outsize=2519 ok=1
Cmd: preprocessCompute
  insize=5822 outsize=5824 ok=1
Cmd: preprocess
  insize=39504 outsize=626 ok=1
Cmd: preprocessCompute
  insize=1969 outsize=1971 ok=1
Cmd: preprocessCompute
  insize=7803 outsize=7805 ok=1
Cmd: compileComputeKernel
  api=4 insize=7805 outsize=2801 ok=1
Cmd: preprocessCompute
  insize=5822 outsize=5824 ok=1
Cmd: preprocess
  insize=39504 outsize=626 ok=1
Cmd: preprocessCompute
  insize=1969 outsize=1971 ok=1
Cmd: preprocessCompute
  insize=7803 outsize=7805 ok=1
Cmd: compileComputeKernel
  api=4 insize=7805 outsize=2801 ok=1
Cmd: preprocessCompute
  insize=5822 outsize=5824 ok=1
Cmd: preprocess
  insize=39504 outsize=626 ok=1
Cmd: preprocessCompute
  insize=1969 outsize=1971 ok=1
Cmd: preprocessCompute
  insize=7801 outsize=7803 ok=1
Cmd: preprocessCompute
  insize=5822 outsize=5824 ok=1
Cmd: preprocess
  insize=39504 outsize=626 ok=1
Cmd: preprocessCompute
  insize=1969 outsize=1971 ok=1
Cmd: preprocessCompute
  insize=7801 outsize=7803 ok=1
Cmd: preprocessCompute
  insize=5822 outsize=5824 ok=1
Cmd: preprocess
  insize=39504 outsize=626 ok=1
Cmd: preprocessCompute
  insize=1969 outsize=1971 ok=1
Cmd: preprocessCompute
  insize=7801 outsize=7803 ok=1
Cmd: preprocessCompute
  insize=5822 outsize=5824 ok=1
Cmd: preprocess
  insize=39504 outsize=626 ok=1
Cmd: preprocessCompute
  insize=1969 outsize=1971 ok=1
Cmd: preprocessCompute
  insize=7801 outsize=7803 ok=1
Cmd: preprocessCompute
  insize=5822 outsize=5824 ok=1
Cmd: preprocess
  insize=39504 outsize=626 ok=1
Cmd: preprocessCompute
  insize=1969 outsize=1971 ok=1
Cmd: preprocessCompute
  insize=7801 outsize=7803 ok=1
Cmd: preprocessCompute
  insize=5822 outsize=5824 ok=1
Cmd: preprocess
  insize=39504 outsize=626 ok=1
Cmd: preprocessCompute
  insize=1969 outsize=1971 ok=1
Cmd: preprocessCompute
  insize=7801 outsize=7803 ok=1
Cmd: preprocessCompute
  insize=5822 outsize=5824 ok=1
Cmd: preprocess
  insize=39504 outsize=626 ok=1
Cmd: preprocessCompute
  insize=1969 outsize=1971 ok=1
Cmd: preprocessCompute
  insize=7801 outsize=7803 ok=1
Cmd: preprocessCompute
  insize=5822 outsize=5824 ok=1
Cmd: preprocess
  insize=39504 outsize=626 ok=1
Cmd: preprocessCompute
  insize=1969 outsize=1971 ok=1
Cmd: preprocessCompute
  insize=7801 outsize=7803 ok=1
Cmd: preprocessCompute
  insize=5822 outsize=5824 ok=1
Cmd: preprocess
  insize=39504 outsize=626 ok=1
Cmd: preprocessCompute
  insize=1969 outsize=1971 ok=1
Cmd: preprocessCompute
  insize=7801 outsize=7803 ok=1
Cmd: preprocessCompute
  insize=5822 outsize=5824 ok=1
Cmd: preprocess
  insize=39504 outsize=626 ok=1
Cmd: preprocessCompute
  insize=1969 outsize=1971 ok=1
Cmd: preprocessCompute
  insize=7801 outsize=7803 ok=1
Cmd: preprocessCompute
  insize=5822 outsize=5824 ok=1
Cmd: preprocess
  insize=39504 outsize=626 ok=1
Cmd: preprocessCompute
  insize=1969 outsize=1971 ok=1
Cmd: preprocessCompute
  insize=7801 outsize=7803 ok=1
Cmd: preprocessCompute
  insize=5822 outsize=5824 ok=1
Cmd: preprocess
  insize=39504 outsize=626 ok=1
Cmd: preprocessCompute
  insize=1969 outsize=1971 ok=1
Cmd: preprocessCompute
  insize=7801 outsize=7803 ok=1
Cmd: preprocessCompute
  insize=5822 outsize=5824 ok=1
Cmd: preprocess
  insize=39504 outsize=626 ok=1
Cmd: preprocessCompute
  insize=1969 outsize=1971 ok=1
Cmd: preprocessCompute
  insize=7801 outsize=7803 ok=1
Cmd: preprocessCompute
  insize=5822 outsize=5824 ok=1
Cmd: preprocess
  insize=39504 outsize=626 ok=1
Cmd: preprocessCompute
  insize=1969 outsize=1971 ok=1
Cmd: preprocessCompute
  insize=7801 outsize=7803 ok=1
Cmd: preprocessCompute
  insize=5822 outsize=5824 ok=1
Cmd: preprocess
  insize=39504 outsize=626 ok=1
Cmd: preprocessCompute
  insize=1969 outsize=1971 ok=1
Cmd: preprocessCompute
  insize=7801 outsize=7803 ok=1
Cmd: preprocessCompute
  insize=5822 outsize=5824 ok=1
Cmd: preprocess
  insize=39504 outsize=626 ok=1
Cmd: preprocessCompute
  insize=1969 outsize=1971 ok=1
Cmd: preprocessCompute
  insize=7801 outsize=7803 ok=1
Cmd: preprocessCompute
  insize=5822 outsize=5824 ok=1
Cmd: preprocess
  insize=39504 outsize=626 ok=1
Cmd: preprocessCompute
  insize=1969 outsize=1971 ok=1
Cmd: preprocessCompute
  insize=7801 outsize=7803 ok=1
Cmd: preprocessCompute
  insize=5822 outsize=5824 ok=1
Cmd: preprocess
  insize=39504 outsize=626 ok=1
Cmd: preprocessCompute
  insize=1969 outsize=1971 ok=1
Cmd: preprocessCompute
  insize=7805 outsize=7807 ok=1
Cmd: compileComputeKernel
  api=4 insize=7807 outsize=2519 ok=1
Cmd: preprocessCompute
  insize=5836 outsize=5838 ok=1
Cmd: compileComputeKernel
  api=4 insize=5838 outsize=1508 ok=1
Cmd: preprocess
  insize=39522 outsize=624 ok=1
Cmd: preprocessCompute
  insize=1970 outsize=1972 ok=1
Cmd: compileComputeKernel
  api=4 insize=1972 outsize=1398 ok=1
Cmd: compileSnippet
  api=4 type=0 insize=22584 outsize=3346 kw= pd=UNITY_ENABLE_REFLECTION_BUFFERS UNITY_USE_DITHER_MASK_FOR_ALPHABLENDED_SHADOWS UNITY_PBS_USE_BRDF1 UNITY_SPECCUBE_BOX_PROJECTION UNITY_SPECCUBE_BLENDING UNITY_ENABLE_DETAIL_NORMALMAP SHADER_API_DESKTOP UNITY_LIGHT_PROBE_PROXY_VOLUME UNITY_LIGHTMAP_FULL_HDR ok=1
Cmd: compileSnippet
  api=4 type=1 insize=22584 outsize=426 kw= pd=UNITY_ENABLE_REFLECTION_BUFFERS UNITY_USE_DITHER_MASK_FOR_ALPHABLENDED_SHADOWS UNITY_PBS_USE_BRDF1 UNITY_SPECCUBE_BOX_PROJECTION UNITY_SPECCUBE_BLENDING UNITY_ENABLE_DETAIL_NORMALMAP SHADER_API_DESKTOP UNITY_LIGHT_PROBE_PROXY_VOLUME UNITY_LIGHTMAP_FULL_HDR ok=1
Cmd: preprocessCompute
  insize=7805 outsize=7807 ok=1
Cmd: preprocessCompute
  insize=5836 outsize=5838 ok=1
Cmd: preprocess
  insize=39522 outsize=624 ok=1
Cmd: preprocessCompute
  insize=1970 outsize=1972 ok=1
Cmd: preprocessCompute
  insize=7805 outsize=7807 ok=1
Cmd: preprocessCompute
  insize=5836 outsize=5838 ok=1
Cmd: preprocess
  insize=39522 outsize=624 ok=1
Cmd: preprocessCompute
  insize=1970 outsize=1972 ok=1
Cmd: preprocessCompute
  insize=7805 outsize=7807 ok=1
Cmd: preprocessCompute
  insize=5836 outsize=5838 ok=1
Cmd: preprocess
  insize=39522 outsize=624 ok=1
Cmd: preprocessCompute
  insize=1970 outsize=1972 ok=1
Cmd: preprocessCompute
  insize=7805 outsize=7807 ok=1
Cmd: preprocessCompute
  insize=5836 outsize=5838 ok=1
Cmd: preprocess
  insize=39522 outsize=624 ok=1
Cmd: preprocessCompute
  insize=1970 outsize=1972 ok=1
Cmd: preprocessCompute
  insize=7805 outsize=7807 ok=1
Cmd: preprocessCompute
  insize=5836 outsize=5838 ok=1
Cmd: preprocess
  insize=39522 outsize=624 ok=1
Cmd: preprocessCompute
  insize=1970 outsize=1972 ok=1
Cmd: preprocessCompute
  insize=7805 outsize=7807 ok=1
Cmd: preprocessCompute
  insize=6416 outsize=6418 ok=1
Cmd: compileComputeKernel
  api=4 insize=6418 outsize=1611 ok=1
Cmd: preprocess
  insize=39522 outsize=624 ok=1
Cmd: preprocessCompute
  insize=1970 outsize=1972 ok=1
Cmd: preprocessCompute
  insize=7805 outsize=7807 ok=1
Cmd: preprocessCompute
  insize=6526 outsize=6528 ok=1
Cmd: compileComputeKernel
  api=4 insize=6528 outsize=1736 ok=1
Cmd: preprocess
  insize=39522 outsize=624 ok=1
Cmd: preprocessCompute
  insize=1970 outsize=1972 ok=1
Cmd: preprocessCompute
  insize=7805 outsize=7807 ok=1
Cmd: preprocessCompute
  insize=6526 outsize=6528 ok=1
Cmd: preprocess
  insize=39522 outsize=624 ok=1
Cmd: preprocessCompute
  insize=1970 outsize=1972 ok=1
Cmd: preprocessCompute
  insize=7805 outsize=7807 ok=1
Cmd: preprocessCompute
  insize=6526 outsize=6528 ok=1
Cmd: preprocess
  insize=39522 outsize=624 ok=1
Cmd: preprocessCompute
  insize=1970 outsize=1972 ok=1
Cmd: preprocessCompute
  insize=7809 outsize=7811 ok=1
Cmd: compileComputeKernel
  api=4 insize=7811 outsize=2519 ok=1
Cmd: preprocessCompute
  insize=6540 outsize=6542 ok=1
Cmd: compileComputeKernel
  api=4 insize=6542 outsize=1736 ok=1
Cmd: preprocess
  insize=39540 outsize=626 ok=1
Cmd: preprocessCompute
  insize=1971 outsize=1973 ok=1
Cmd: compileComputeKernel
  api=4 insize=1973 outsize=1398 ok=1
Cmd: compileSnippet
  api=4 type=0 insize=22593 outsize=3346 kw= pd=UNITY_ENABLE_REFLECTION_BUFFERS UNITY_USE_DITHER_MASK_FOR_ALPHABLENDED_SHADOWS UNITY_PBS_USE_BRDF1 UNITY_SPECCUBE_BOX_PROJECTION UNITY_SPECCUBE_BLENDING UNITY_ENABLE_DETAIL_NORMALMAP SHADER_API_DESKTOP UNITY_LIGHT_PROBE_PROXY_VOLUME UNITY_LIGHTMAP_FULL_HDR ok=1
Cmd: compileSnippet
  api=4 type=1 insize=22593 outsize=426 kw= pd=UNITY_ENABLE_REFLECTION_BUFFERS UNITY_USE_DITHER_MASK_FOR_ALPHABLENDED_SHADOWS UNITY_PBS_USE_BRDF1 UNITY_SPECCUBE_BOX_PROJECTION UNITY_SPECCUBE_BLENDING UNITY_ENABLE_DETAIL_NORMALMAP SHADER_API_DESKTOP UNITY_LIGHT_PROBE_PROXY_VOLUME UNITY_LIGHTMAP_FULL_HDR ok=1
Cmd: preprocessCompute
  insize=7805 outsize=7807 ok=1
Cmd: compileComputeKernel
  api=4 insize=7807 outsize=2519 ok=1
Cmd: preprocessCompute
  insize=6526 outsize=6528 ok=1
Cmd: compileComputeKernel
  api=4 insize=6528 outsize=1736 ok=1
Cmd: preprocess
  insize=39522 outsize=626 ok=1
Cmd: preprocessCompute
  insize=1970 outsize=1972 ok=1
Cmd: compileComputeKernel
  api=4 insize=1972 outsize=1398 ok=1
Cmd: compileSnippet
  api=4 type=0 insize=22584 outsize=3346 kw= pd=UNITY_ENABLE_REFLECTION_BUFFERS UNITY_USE_DITHER_MASK_FOR_ALPHABLENDED_SHADOWS UNITY_PBS_USE_BRDF1 UNITY_SPECCUBE_BOX_PROJECTION UNITY_SPECCUBE_BLENDING UNITY_ENABLE_DETAIL_NORMALMAP SHADER_API_DESKTOP UNITY_LIGHT_PROBE_PROXY_VOLUME UNITY_LIGHTMAP_FULL_HDR ok=1
Cmd: compileSnippet
  api=4 type=1 insize=22584 outsize=426 kw= pd=UNITY_ENABLE_REFLECTION_BUFFERS UNITY_USE_DITHER_MASK_FOR_ALPHABLENDED_SHADOWS UNITY_PBS_USE_BRDF1 UNITY_SPECCUBE_BOX_PROJECTION UNITY_SPECCUBE_BLENDING UNITY_ENABLE_DETAIL_NORMALMAP SHADER_API_DESKTOP UNITY_LIGHT_PROBE_PROXY_VOLUME UNITY_LIGHTMAP_FULL_HDR ok=1
Cmd: preprocessCompute
  insize=7805 outsize=7807 ok=1
Cmd: preprocessCompute
  insize=6416 outsize=6418 ok=1
Cmd: compileComputeKernel
  api=4 insize=6418 outsize=1611 ok=1
Cmd: preprocess
  insize=39522 outsize=626 ok=1
Cmd: preprocessCompute
  insize=1970 outsize=1972 ok=1
Cmd: preprocessCompute
  insize=7805 outsize=7807 ok=1
Cmd: preprocessCompute
  insize=6416 outsize=6418 ok=1
Cmd: preprocess
  insize=39522 outsize=626 ok=1
Cmd: preprocessCompute
  insize=1970 outsize=1972 ok=1
Cmd: preprocessCompute
  insize=7808 outsize=7810 ok=1
Cmd: compileComputeKernel
  api=4 insize=7810 outsize=2687 ok=1
Cmd: preprocessCompute
  insize=6416 outsize=6418 ok=1
Cmd: preprocess
  insize=39522 outsize=626 ok=1
Cmd: preprocessCompute
  insize=1970 outsize=1972 ok=1
Cmd: preprocessCompute
  insize=7807 outsize=7809 ok=1
Cmd: compileComputeKernel
  api=4 insize=7809 outsize=2801 ok=1
Cmd: preprocessCompute
  insize=6416 outsize=6418 ok=1
Cmd: preprocess
  insize=39522 outsize=626 ok=1
Cmd: preprocessCompute
  insize=1970 outsize=1972 ok=1
Cmd: preprocessCompute
  insize=7807 outsize=7809 ok=1
Cmd: compileComputeKernel
  api=4 insize=7809 outsize=2801 ok=1
Cmd: preprocessCompute
  insize=6416 outsize=6418 ok=1
Cmd: preprocess
  insize=39522 outsize=626 ok=1
Cmd: preprocessCompute
  insize=1970 outsize=1972 ok=1
Cmd: preprocessCompute
  insize=7805 outsize=7807 ok=1
Cmd: preprocessCompute
  insize=6416 outsize=6418 ok=1
Cmd: preprocess
  insize=39522 outsize=626 ok=1
Cmd: preprocessCompute
  insize=1970 outsize=1972 ok=1
Cmd: preprocessCompute
  insize=7826 outsize=7828 ok=1
Cmd: preprocessCompute
  insize=6416 outsize=6418 ok=1
Cmd: preprocess
  insize=39522 outsize=626 ok=1
Cmd: preprocessCompute
  insize=1970 outsize=1972 ok=1
Cmd: preprocessCompute
  insize=7805 outsize=7807 ok=1
Cmd: preprocessCompute
  insize=6416 outsize=6418 ok=1
Cmd: preprocess
  insize=39522 outsize=626 ok=1
Cmd: preprocessCompute
  insize=1970 outsize=1972 ok=1
Cmd: preprocessCompute
  insize=7665 outsize=7667 ok=1
Cmd: compileComputeKernel
  api=4 insize=7667 outsize=2597 ok=1
Cmd: preprocessCompute
  insize=6416 outsize=6418 ok=1
Cmd: preprocess
  insize=39522 outsize=626 ok=1
Cmd: preprocessCompute
  insize=1970 outsize=1972 ok=1
Cmd: preprocessCompute
  insize=7805 outsize=7807 ok=1
Cmd: preprocessCompute
  insize=6416 outsize=6418 ok=1
Cmd: preprocess
  insize=39522 outsize=626 ok=1
Cmd: preprocessCompute
  insize=1970 outsize=1972 ok=1
Cmd: preprocessCompute
  insize=7461 outsize=7463 ok=1
Cmd: compileComputeKernel
  api=4 insize=7463 outsize=2077 ok=1
Cmd: preprocessCompute
  insize=6422 outsize=6424 ok=1
Cmd: compileComputeKernel
  api=4 insize=6424 outsize=1611 ok=1
Cmd: preprocess
  insize=39510 outsize=625 ok=1
Cmd: preprocessCompute
  insize=1970 outsize=1972 ok=1
Cmd: compileComputeKernel
  api=4 insize=1972 outsize=1398 ok=1
Cmd: compileSnippet
  api=4 type=0 insize=22578 outsize=3334 kw= pd=UNITY_ENABLE_REFLECTION_BUFFERS UNITY_USE_DITHER_MASK_FOR_ALPHABLENDED_SHADOWS UNITY_PBS_USE_BRDF1 UNITY_SPECCUBE_BOX_PROJECTION UNITY_SPECCUBE_BLENDING UNITY_ENABLE_DETAIL_NORMALMAP SHADER_API_DESKTOP UNITY_LIGHT_PROBE_PROXY_VOLUME UNITY_LIGHTMAP_FULL_HDR ok=1
Cmd: compileSnippet
  api=4 type=1 insize=22578 outsize=426 kw= pd=UNITY_ENABLE_REFLECTION_BUFFERS UNITY_USE_DITHER_MASK_FOR_ALPHABLENDED_SHADOWS UNITY_PBS_USE_BRDF1 UNITY_SPECCUBE_BOX_PROJECTION UNITY_SPECCUBE_BLENDING UNITY_ENABLE_DETAIL_NORMALMAP SHADER_API_DESKTOP UNITY_LIGHT_PROBE_PROXY_VOLUME UNITY_LIGHTMAP_FULL_HDR ok=1
Cmd: preprocessCompute
  insize=7805 outsize=7807 ok=1
Cmd: preprocessCompute
  insize=6416 outsize=6418 ok=1
Cmd: preprocess
  insize=39522 outsize=626 ok=1
Cmd: preprocessCompute
  insize=1970 outsize=1972 ok=1
Cmd: preprocessCompute
  insize=7826 outsize=7828 ok=1
Cmd: preprocessCompute
  insize=6416 outsize=6418 ok=1
Cmd: preprocess
  insize=39522 outsize=626 ok=1
Cmd: preprocessCompute
  insize=1970 outsize=1972 ok=1
Cmd: preprocessCompute
  insize=7805 outsize=7807 ok=1
Cmd: preprocessCompute
  insize=6416 outsize=6418 ok=1
Cmd: preprocess
  insize=39522 outsize=626 ok=1
Cmd: preprocessCompute
  insize=1970 outsize=1972 ok=1
Cmd: preprocessCompute
  insize=7805 outsize=7807 ok=1
Cmd: preprocessCompute
  insize=6416 outsize=6418 ok=1
Cmd: preprocess
  insize=39522 outsize=626 ok=1
Cmd: preprocessCompute
  insize=1970 outsize=1972 ok=1
Cmd: preprocessCompute
  insize=7799 outsize=7801 ok=1
Cmd: compileComputeKernel
  api=4 insize=7801 outsize=2591 ok=1
Cmd: preprocessCompute
  insize=6392 outsize=6394 ok=1
Cmd: preprocess
  insize=39682 outsize=625 ok=1
Cmd: preprocessCompute
  insize=1970 outsize=1972 ok=1
Cmd: compileComputeKernel
  api=4 insize=1972 outsize=1398 ok=1
Cmd: compileSnippet
  api=4 type=0 insize=22694 outsize=3218 kw= pd=UNITY_ENABLE_REFLECTION_BUFFERS UNITY_USE_DITHER_MASK_FOR_ALPHABLENDED_SHADOWS UNITY_PBS_USE_BRDF1 UNITY_SPECCUBE_BOX_PROJECTION UNITY_SPECCUBE_BLENDING UNITY_ENABLE_DETAIL_NORMALMAP SHADER_API_DESKTOP UNITY_LIGHT_PROBE_PROXY_VOLUME UNITY_LIGHTMAP_FULL_HDR ok=1
Cmd: compileSnippet
  api=4 type=1 insize=22694 outsize=426 kw= pd=UNITY_ENABLE_REFLECTION_BUFFERS UNITY_USE_DITHER_MASK_FOR_ALPHABLENDED_SHADOWS UNITY_PBS_USE_BRDF1 UNITY_SPECCUBE_BOX_PROJECTION UNITY_SPECCUBE_BLENDING UNITY_ENABLE_DETAIL_NORMALMAP SHADER_API_DESKTOP UNITY_LIGHT_PROBE_PROXY_VOLUME UNITY_LIGHTMAP_FULL_HDR ok=1
Cmd: preprocessCompute
  insize=7799 outsize=7801 ok=1
Cmd: preprocessCompute
  insize=6392 outsize=6394 ok=1
Cmd: preprocess
  insize=39808 outsize=625 ok=1
Cmd: preprocessCompute
  insize=1970 outsize=1972 ok=1
Cmd: compileSnippet
  api=4 type=0 insize=22770 outsize=3234 kw= pd=UNITY_ENABLE_REFLECTION_BUFFERS UNITY_USE_DITHER_MASK_FOR_ALPHABLENDED_SHADOWS UNITY_PBS_USE_BRDF1 UNITY_SPECCUBE_BOX_PROJECTION UNITY_SPECCUBE_BLENDING UNITY_ENABLE_DETAIL_NORMALMAP SHADER_API_DESKTOP UNITY_LIGHT_PROBE_PROXY_VOLUME UNITY_LIGHTMAP_FULL_HDR ok=1
Cmd: compileSnippet
  api=4 type=1 insize=22770 outsize=426 kw= pd=UNITY_ENABLE_REFLECTION_BUFFERS UNITY_USE_DITHER_MASK_FOR_ALPHABLENDED_SHADOWS UNITY_PBS_USE_BRDF1 UNITY_SPECCUBE_BOX_PROJECTION UNITY_SPECCUBE_BLENDING UNITY_ENABLE_DETAIL_NORMALMAP SHADER_API_DESKTOP UNITY_LIGHT_PROBE_PROXY_VOLUME UNITY_LIGHTMAP_FULL_HDR ok=1
Cmd: preprocessCompute
  insize=7887 outsize=7889 ok=1
Cmd: compileComputeKernel
  api=4 insize=7889 outsize=2655 ok=1
Cmd: preprocessCompute
  insize=6392 outsize=6394 ok=1
Cmd: compileComputeKernel
  api=4 insize=6394 outsize=1599 ok=1
Cmd: preprocess
  insize=39978 outsize=625 ok=1
Cmd: preprocessCompute
  insize=1970 outsize=1972 ok=1
Cmd: compileComputeKernel
  api=4 insize=1972 outsize=1398 ok=1
Cmd: compileSnippet
  api=4 type=0 insize=22867 outsize=3410 kw= pd=UNITY_ENABLE_REFLECTION_BUFFERS UNITY_USE_DITHER_MASK_FOR_ALPHABLENDED_SHADOWS UNITY_PBS_USE_BRDF1 UNITY_SPECCUBE_BOX_PROJECTION UNITY_SPECCUBE_BLENDING UNITY_ENABLE_DETAIL_NORMALMAP SHADER_API_DESKTOP UNITY_LIGHT_PROBE_PROXY_VOLUME UNITY_LIGHTMAP_FULL_HDR ok=1
Cmd: compileSnippet
  api=4 type=1 insize=22867 outsize=426 kw= pd=UNITY_ENABLE_REFLECTION_BUFFERS UNITY_USE_DITHER_MASK_FOR_ALPHABLENDED_SHADOWS UNITY_PBS_USE_BRDF1 UNITY_SPECCUBE_BOX_PROJECTION UNITY_SPECCUBE_BLENDING UNITY_ENABLE_DETAIL_NORMALMAP SHADER_API_DESKTOP UNITY_LIGHT_PROBE_PROXY_VOLUME UNITY_LIGHTMAP_FULL_HDR ok=1
Cmd: preprocessCompute
  insize=7799 outsize=7801 ok=1
Cmd: preprocessCompute
  insize=6392 outsize=6394 ok=1
Cmd: preprocess
  insize=39682 outsize=625 ok=1
Cmd: preprocessCompute
  insize=1970 outsize=1972 ok=1
Cmd: preprocessCompute
  insize=7799 outsize=7801 ok=1
Cmd: preprocessCompute
  insize=6392 outsize=6394 ok=1
Cmd: preprocess
  insize=38721 outsize=626 ok=1
Cmd: preprocessCompute
  insize=1970 outsize=1972 ok=1
Cmd: compileSnippet
  api=4 type=0 insize=22203 outsize=2610 kw= pd=UNITY_ENABLE_REFLECTION_BUFFERS UNITY_USE_DITHER_MASK_FOR_ALPHABLENDED_SHADOWS UNITY_PBS_USE_BRDF1 UNITY_SPECCUBE_BOX_PROJECTION UNITY_SPECCUBE_BLENDING UNITY_ENABLE_DETAIL_NORMALMAP SHADER_API_DESKTOP UNITY_LIGHT_PROBE_PROXY_VOLUME UNITY_LIGHTMAP_FULL_HDR ok=1
Cmd: compileSnippet
  api=4 type=1 insize=22203 outsize=426 kw= pd=UNITY_ENABLE_REFLECTION_BUFFERS UNITY_USE_DITHER_MASK_FOR_ALPHABLENDED_SHADOWS UNITY_PBS_USE_BRDF1 UNITY_SPECCUBE_BOX_PROJECTION UNITY_SPECCUBE_BLENDING UNITY_ENABLE_DETAIL_NORMALMAP SHADER_API_DESKTOP UNITY_LIGHT_PROBE_PROXY_VOLUME UNITY_LIGHTMAP_FULL_HDR ok=1
Cmd: preprocessCompute
  insize=7799 outsize=7801 ok=1
Cmd: preprocessCompute
  insize=6392 outsize=6394 ok=1
Cmd: preprocess
  insize=39203 outsize=625 ok=1
Cmd: preprocessCompute
  insize=1970 outsize=1972 ok=1
Cmd: compileSnippet
  api=4 type=0 insize=22454 outsize=2594 kw= pd=UNITY_ENABLE_REFLECTION_BUFFERS UNITY_USE_DITHER_MASK_FOR_ALPHABLENDED_SHADOWS UNITY_PBS_USE_BRDF1 UNITY_SPECCUBE_BOX_PROJECTION UNITY_SPECCUBE_BLENDING UNITY_ENABLE_DETAIL_NORMALMAP SHADER_API_DESKTOP UNITY_LIGHT_PROBE_PROXY_VOLUME UNITY_LIGHTMAP_FULL_HDR ok=1
Cmd: compileSnippet
  api=4 type=1 insize=22454 outsize=426 kw= pd=UNITY_ENABLE_REFLECTION_BUFFERS UNITY_USE_DITHER_MASK_FOR_ALPHABLENDED_SHADOWS UNITY_PBS_USE_BRDF1 UNITY_SPECCUBE_BOX_PROJECTION UNITY_SPECCUBE_BLENDING UNITY_ENABLE_DETAIL_NORMALMAP SHADER_API_DESKTOP UNITY_LIGHT_PROBE_PROXY_VOLUME UNITY_LIGHTMAP_FULL_HDR ok=1
Cmd: preprocessCompute
  insize=7799 outsize=7801 ok=1
Cmd: preprocessCompute
  insize=6392 outsize=6394 ok=1
Cmd: preprocess
  insize=38721 outsize=626 ok=1
Cmd: preprocessCompute
  insize=1970 outsize=1972 ok=1
Cmd: preprocessCompute
  insize=7799 outsize=7801 ok=1
Cmd: preprocessCompute
  insize=6392 outsize=6394 ok=1
Cmd: preprocess
  insize=39203 outsize=625 ok=1
Cmd: preprocessCompute
  insize=1970 outsize=1972 ok=1
Cmd: preprocessCompute
  insize=7799 outsize=7801 ok=1
Cmd: preprocessCompute
  insize=6392 outsize=6394 ok=1
Cmd: preprocess
  insize=38721 outsize=626 ok=1
Cmd: preprocessCompute
  insize=1970 outsize=1972 ok=1
Cmd: preprocessCompute
  insize=7799 outsize=7801 ok=1
Cmd: preprocessCompute
  insize=6392 outsize=6394 ok=1
Cmd: preprocess
  insize=39686 outsize=626 ok=1
Cmd: preprocessCompute
  insize=1970 outsize=1972 ok=1
Cmd: compileSnippet
  api=4 type=0 insize=22696 outsize=3198 kw= pd=UNITY_ENABLE_REFLECTION_BUFFERS UNITY_USE_DITHER_MASK_FOR_ALPHABLENDED_SHADOWS UNITY_PBS_USE_BRDF1 UNITY_SPECCUBE_BOX_PROJECTION UNITY_SPECCUBE_BLENDING UNITY_ENABLE_DETAIL_NORMALMAP SHADER_API_DESKTOP UNITY_LIGHT_PROBE_PROXY_VOLUME UNITY_LIGHTMAP_FULL_HDR ok=1
Cmd: compileSnippet
  api=4 type=1 insize=22696 outsize=426 kw= pd=UNITY_ENABLE_REFLECTION_BUFFERS UNITY_USE_DITHER_MASK_FOR_ALPHABLENDED_SHADOWS UNITY_PBS_USE_BRDF1 UNITY_SPECCUBE_BOX_PROJECTION UNITY_SPECCUBE_BLENDING UNITY_ENABLE_DETAIL_NORMALMAP SHADER_API_DESKTOP UNITY_LIGHT_PROBE_PROXY_VOLUME UNITY_LIGHTMAP_FULL_HDR ok=1
Cmd: preprocessCompute
  insize=7799 outsize=7801 ok=1
Cmd: preprocessCompute
  insize=6392 outsize=6394 ok=1
Cmd: preprocess
  insize=40473 outsize=625 ok=1
Cmd: preprocessCompute
  insize=1970 outsize=1972 ok=1
Cmd: compileSnippet
  api=4 type=0 insize=23089 outsize=3230 kw= pd=UNITY_ENABLE_REFLECTION_BUFFERS UNITY_USE_DITHER_MASK_FOR_ALPHABLENDED_SHADOWS UNITY_PBS_USE_BRDF1 UNITY_SPECCUBE_BOX_PROJECTION UNITY_SPECCUBE_BLENDING UNITY_ENABLE_DETAIL_NORMALMAP SHADER_API_DESKTOP UNITY_LIGHT_PROBE_PROXY_VOLUME UNITY_LIGHTMAP_FULL_HDR ok=1
Cmd: compileSnippet
  api=4 type=1 insize=23089 outsize=426 kw= pd=UNITY_ENABLE_REFLECTION_BUFFERS UNITY_USE_DITHER_MASK_FOR_ALPHABLENDED_SHADOWS UNITY_PBS_USE_BRDF1 UNITY_SPECCUBE_BOX_PROJECTION UNITY_SPECCUBE_BLENDING UNITY_ENABLE_DETAIL_NORMALMAP SHADER_API_DESKTOP UNITY_LIGHT_PROBE_PROXY_VOLUME UNITY_LIGHTMAP_FULL_HDR ok=1
Cmd: preprocessCompute
  insize=7799 outsize=7801 ok=1
Cmd: preprocessCompute
  insize=6392 outsize=6394 ok=1
Cmd: preprocess
  insize=40189 outsize=625 ok=1
Cmd: preprocessCompute
  insize=1970 outsize=1972 ok=1
Cmd: compileSnippet
  api=4 type=0 insize=22958 outsize=3230 kw= pd=UNITY_ENABLE_REFLECTION_BUFFERS UNITY_USE_DITHER_MASK_FOR_ALPHABLENDED_SHADOWS UNITY_PBS_USE_BRDF1 UNITY_SPECCUBE_BOX_PROJECTION UNITY_SPECCUBE_BLENDING UNITY_ENABLE_DETAIL_NORMALMAP SHADER_API_DESKTOP UNITY_LIGHT_PROBE_PROXY_VOLUME UNITY_LIGHTMAP_FULL_HDR ok=1
Cmd: compileSnippet
  api=4 type=1 insize=22958 outsize=426 kw= pd=UNITY_ENABLE_REFLECTION_BUFFERS UNITY_USE_DITHER_MASK_FOR_ALPHABLENDED_SHADOWS UNITY_PBS_USE_BRDF1 UNITY_SPECCUBE_BOX_PROJECTION UNITY_SPECCUBE_BLENDING UNITY_ENABLE_DETAIL_NORMALMAP SHADER_API_DESKTOP UNITY_LIGHT_PROBE_PROXY_VOLUME UNITY_LIGHTMAP_FULL_HDR ok=1
Cmd: preprocessCompute
  insize=7799 outsize=7801 ok=1
Cmd: preprocessCompute
  insize=6392 outsize=6394 ok=1
Cmd: preprocess
  insize=40343 outsize=625 ok=1
Cmd: preprocessCompute
  insize=1970 outsize=1972 ok=1
Cmd: compileSnippet
  api=4 type=0 insize=23035 outsize=3230 kw= pd=UNITY_ENABLE_REFLECTION_BUFFERS UNITY_USE_DITHER_MASK_FOR_ALPHABLENDED_SHADOWS UNITY_PBS_USE_BRDF1 UNITY_SPECCUBE_BOX_PROJECTION UNITY_SPECCUBE_BLENDING UNITY_ENABLE_DETAIL_NORMALMAP SHADER_API_DESKTOP UNITY_LIGHT_PROBE_PROXY_VOLUME UNITY_LIGHTMAP_FULL_HDR ok=1
Cmd: compileSnippet
  api=4 type=1 insize=23035 outsize=426 kw= pd=UNITY_ENABLE_REFLECTION_BUFFERS UNITY_USE_DITHER_MASK_FOR_ALPHABLENDED_SHADOWS UNITY_PBS_USE_BRDF1 UNITY_SPECCUBE_BOX_PROJECTION UNITY_SPECCUBE_BLENDING UNITY_ENABLE_DETAIL_NORMALMAP SHADER_API_DESKTOP UNITY_LIGHT_PROBE_PROXY_VOLUME UNITY_LIGHTMAP_FULL_HDR ok=1
Cmd: preprocessCompute
  insize=7799 outsize=7801 ok=1
Cmd: preprocessCompute
  insize=6392 outsize=6394 ok=1
Cmd: preprocess
  insize=40343 outsize=625 ok=1
Cmd: preprocessCompute
  insize=1970 outsize=1972 ok=1
Cmd: preprocessCompute
  insize=7799 outsize=7801 ok=1
Cmd: preprocessCompute
  insize=6392 outsize=6394 ok=1
Cmd: preprocess
  insize=40189 outsize=625 ok=1
Cmd: preprocessCompute
  insize=1970 outsize=1972 ok=1
Cmd: preprocessCompute
  insize=7799 outsize=7801 ok=1
Cmd: preprocessCompute
  insize=6392 outsize=6394 ok=1
Cmd: preprocess
  insize=40473 outsize=625 ok=1
Cmd: preprocessCompute
  insize=1970 outsize=1972 ok=1
Cmd: preprocessCompute
  insize=7799 outsize=7801 ok=1
Cmd: preprocessCompute
  insize=6392 outsize=6394 ok=1
Cmd: preprocess
  insize=40473 outsize=625 ok=1
Cmd: preprocessCompute
  insize=1970 outsize=1972 ok=1
Cmd: preprocessCompute
  insize=7820 outsize=7822 ok=1
Cmd: compileComputeKernel
  api=4 insize=7822 outsize=2821 ok=1
Cmd: preprocessCompute
  insize=6392 outsize=6394 ok=1
Cmd: preprocess
  insize=40473 outsize=625 ok=1
Cmd: preprocessCompute
  insize=1970 outsize=1972 ok=1
Cmd: preprocessCompute
  insize=7799 outsize=7801 ok=1
Cmd: preprocessCompute
  insize=6392 outsize=6394 ok=1
Cmd: preprocess
  insize=40473 outsize=625 ok=1
Cmd: preprocessCompute
  insize=1970 outsize=1972 ok=1
Cmd: preprocessCompute
  insize=7802 outsize=7804 ok=1
Cmd: compileComputeKernel
  api=4 insize=7804 outsize=2759 ok=1
Cmd: preprocessCompute
  insize=6392 outsize=6394 ok=1
Cmd: preprocess
  insize=40473 outsize=625 ok=1
Cmd: preprocessCompute
  insize=1970 outsize=1972 ok=1
Cmd: preprocessCompute
  insize=7799 outsize=7801 ok=1
Cmd: preprocessCompute
  insize=6392 outsize=6394 ok=1
Cmd: preprocess
  insize=40473 outsize=625 ok=1
Cmd: preprocessCompute
  insize=1970 outsize=1972 ok=1
Cmd: preprocessCompute
  insize=8730 outsize=8732 ok=1
Cmd: compileComputeKernel
  api=4 insize=8732 outsize=3046 ok=1
Cmd: preprocessCompute
  insize=6392 outsize=6394 ok=1
Cmd: preprocess
  insize=40473 outsize=625 ok=1
Cmd: preprocessCompute
  insize=1970 outsize=1972 ok=1
Cmd: preprocessCompute
  insize=8605 outsize=8607 ok=1
Cmd: compileComputeKernel
  api=4 insize=8607 outsize=2905 ok=1
Cmd: preprocessCompute
  insize=6392 outsize=6394 ok=1
Cmd: preprocess
  insize=40473 outsize=625 ok=1
Cmd: preprocessCompute
  insize=1970 outsize=1972 ok=1
Cmd: preprocessCompute
  insize=7799 outsize=7801 ok=1
Cmd: preprocessCompute
  insize=6392 outsize=6394 ok=1
Cmd: preprocess
  insize=40473 outsize=625 ok=1
Cmd: preprocessCompute
  insize=1970 outsize=1972 ok=1
Cmd: preprocessCompute
  insize=7799 outsize=7801 ok=1
Cmd: preprocessCompute
  insize=8621 outsize=8623 ok=1
Cmd: compileComputeKernel
  error: 1 plat 4 at VFX.vfx(107): implicit truncation of vector type
  api=4 insize=8623 outsize=3658 ok=1
Cmd: preprocess
  insize=40473 outsize=625 ok=1
Cmd: preprocessCompute
  insize=1970 outsize=1972 ok=1
Cmd: preprocessCompute
  insize=7799 outsize=7801 ok=1
Cmd: preprocessCompute
  insize=6392 outsize=6394 ok=1
Cmd: preprocess
  insize=40473 outsize=625 ok=1
Cmd: preprocessCompute
  insize=1970 outsize=1972 ok=1
Cmd: preprocessCompute
  insize=7799 outsize=7801 ok=1
Cmd: preprocessCompute
  insize=7740 outsize=7742 ok=1
Cmd: compileComputeKernel
  api=4 insize=7742 outsize=2734 ok=1
Cmd: preprocess
  insize=40473 outsize=625 ok=1
Cmd: preprocessCompute
  insize=1970 outsize=1972 ok=1
Cmd: preprocessCompute
  insize=7799 outsize=7801 ok=1
Cmd: preprocessCompute
  insize=7740 outsize=7742 ok=1
Cmd: preprocess
  insize=40473 outsize=625 ok=1
Cmd: preprocessCompute
  insize=1970 outsize=1972 ok=1
Cmd: preprocessCompute
  insize=7799 outsize=7801 ok=1
Cmd: preprocessCompute
  insize=7740 outsize=7742 ok=1
Cmd: preprocess
  insize=40473 outsize=625 ok=1
Cmd: preprocessCompute
  insize=1970 outsize=1972 ok=1
Cmd: preprocessCompute
  insize=7799 outsize=7801 ok=1
Cmd: preprocessCompute
  insize=7740 outsize=7742 ok=1
Cmd: preprocess
  insize=40473 outsize=625 ok=1
Cmd: preprocessCompute
  insize=1970 outsize=1972 ok=1
Cmd: preprocessCompute
  insize=7799 outsize=7801 ok=1
Cmd: preprocessCompute
  insize=6392 outsize=6394 ok=1
Cmd: preprocess
  insize=40473 outsize=625 ok=1
Cmd: preprocessCompute
  insize=1970 outsize=1972 ok=1
Cmd: preprocessCompute
  insize=7799 outsize=7801 ok=1
Cmd: preprocessCompute
  insize=7740 outsize=7742 ok=1
Cmd: preprocess
  insize=40473 outsize=625 ok=1
Cmd: preprocessCompute
  insize=1970 outsize=1972 ok=1
Cmd: preprocessCompute
  insize=7799 outsize=7801 ok=1
Cmd: preprocessCompute
  insize=8017 outsize=8019 ok=1
Cmd: compileComputeKernel
  api=4 insize=8019 outsize=2809 ok=1
Cmd: preprocess
  insize=40473 outsize=625 ok=1
Cmd: preprocessCompute
  insize=1970 outsize=1972 ok=1
Cmd: preprocessCompute
  insize=7799 outsize=7801 ok=1
Cmd: preprocessCompute
  insize=7740 outsize=7742 ok=1
Cmd: preprocess
  insize=40473 outsize=625 ok=1
Cmd: preprocessCompute
  insize=1970 outsize=1972 ok=1
Cmd: preprocessCompute
  insize=7799 outsize=7801 ok=1
Cmd: preprocessCompute
  insize=7740 outsize=7742 ok=1
Cmd: preprocess
  insize=40473 outsize=625 ok=1
Cmd: preprocessCompute
  insize=1970 outsize=1972 ok=1
Cmd: preprocessCompute
  insize=7799 outsize=7801 ok=1
Cmd: preprocessCompute
  insize=8162 outsize=8164 ok=1
Cmd: compileComputeKernel
  api=4 insize=8164 outsize=2879 ok=1
Cmd: preprocess
  insize=40473 outsize=625 ok=1
Cmd: preprocessCompute
  insize=1970 outsize=1972 ok=1
Cmd: preprocessCompute
  insize=7799 outsize=7801 ok=1
Cmd: preprocessCompute
  insize=8759 outsize=8761 ok=1
Cmd: compileComputeKernel
  error: 1 plat 4 at VFX.vfx(105): comma expression used where a vector constructor may have been intended
  api=4 insize=8761 outsize=2907 ok=1
Cmd: preprocess
  insize=40473 outsize=625 ok=1
Cmd: preprocessCompute
  insize=1970 outsize=1972 ok=1
Cmd: compileSnippet
  api=4 type=0 insize=23089 outsize=3230 kw= pd=UNITY_ENABLE_REFLECTION_BUFFERS UNITY_USE_DITHER_MASK_FOR_ALPHABLENDED_SHADOWS UNITY_PBS_USE_BRDF1 UNITY_SPECCUBE_BOX_PROJECTION UNITY_SPECCUBE_BLENDING UNITY_ENABLE_DETAIL_NORMALMAP SHADER_API_DESKTOP UNITY_LIGHT_PROBE_PROXY_VOLUME UNITY_LIGHTMAP_FULL_HDR ok=1
Cmd: compileSnippet
  api=4 type=1 insize=23089 outsize=426 kw= pd=UNITY_ENABLE_REFLECTION_BUFFERS UNITY_USE_DITHER_MASK_FOR_ALPHABLENDED_SHADOWS UNITY_PBS_USE_BRDF1 UNITY_SPECCUBE_BOX_PROJECTION UNITY_SPECCUBE_BLENDING UNITY_ENABLE_DETAIL_NORMALMAP SHADER_API_DESKTOP UNITY_LIGHT_PROBE_PROXY_VOLUME UNITY_LIGHTMAP_FULL_HDR ok=1
Cmd: preprocessCompute
  insize=7799 outsize=7801 ok=1
Cmd: preprocessCompute
  insize=8162 outsize=8164 ok=1
Cmd: preprocess
  insize=40473 outsize=625 ok=1
Cmd: preprocessCompute
  insize=1970 outsize=1972 ok=1
Cmd: preprocessCompute
  insize=7801 outsize=7803 ok=1
Cmd: compileComputeKernel
  api=4 insize=7803 outsize=2591 ok=1
Cmd: preprocessCompute
  insize=8168 outsize=8170 ok=1
Cmd: preprocess
  insize=40483 outsize=624 ok=1
Cmd: preprocessCompute
  insize=1971 outsize=1973 ok=1
Cmd: compileComputeKernel
  api=4 insize=1973 outsize=1398 ok=1
Cmd: compileSnippet
  api=4 type=0 insize=23094 outsize=3230 kw= pd=UNITY_ENABLE_REFLECTION_BUFFERS UNITY_USE_DITHER_MASK_FOR_ALPHABLENDED_SHADOWS UNITY_PBS_USE_BRDF1 UNITY_SPECCUBE_BOX_PROJECTION UNITY_SPECCUBE_BLENDING UNITY_ENABLE_DETAIL_NORMALMAP SHADER_API_DESKTOP UNITY_LIGHT_PROBE_PROXY_VOLUME UNITY_LIGHTMAP_FULL_HDR ok=1
Cmd: compileSnippet
  api=4 type=1 insize=23094 outsize=426 kw= pd=UNITY_ENABLE_REFLECTION_BUFFERS UNITY_USE_DITHER_MASK_FOR_ALPHABLENDED_SHADOWS UNITY_PBS_USE_BRDF1 UNITY_SPECCUBE_BOX_PROJECTION UNITY_SPECCUBE_BLENDING UNITY_ENABLE_DETAIL_NORMALMAP SHADER_API_DESKTOP UNITY_LIGHT_PROBE_PROXY_VOLUME UNITY_LIGHTMAP_FULL_HDR ok=1
Cmd: preprocessCompute
  insize=7801 outsize=7803 ok=1
Cmd: preprocessCompute
  insize=8168 outsize=8170 ok=1
Cmd: preprocess
  insize=40483 outsize=624 ok=1
Cmd: preprocessCompute
  insize=1971 outsize=1973 ok=1
Cmd: preprocessCompute
  insize=7801 outsize=7803 ok=1
Cmd: preprocessCompute
  insize=8168 outsize=8170 ok=1
Cmd: preprocess
  insize=40483 outsize=624 ok=1
Cmd: preprocessCompute
  insize=1971 outsize=1973 ok=1
Cmd: preprocessCompute
  insize=7801 outsize=7803 ok=1
Cmd: preprocessCompute
  insize=8168 outsize=8170 ok=1
Cmd: preprocess
  insize=40483 outsize=624 ok=1
Cmd: preprocessCompute
  insize=1971 outsize=1973 ok=1
Cmd: preprocessCompute
  insize=7637 outsize=7639 ok=1
Cmd: compileComputeKernel
  api=4 insize=7639 outsize=2219 ok=1
Cmd: preprocessCompute
  insize=8063 outsize=8065 ok=1
Cmd: compileComputeKernel
  api=4 insize=8065 outsize=2392 ok=1
Cmd: preprocess
  insize=40568 outsize=625 ok=1
Cmd: preprocessCompute
  insize=1971 outsize=1973 ok=1
Cmd: compileSnippet
  api=4 type=0 insize=23137 outsize=3238 kw= pd=UNITY_ENABLE_REFLECTION_BUFFERS UNITY_USE_DITHER_MASK_FOR_ALPHABLENDED_SHADOWS UNITY_PBS_USE_BRDF1 UNITY_SPECCUBE_BOX_PROJECTION UNITY_SPECCUBE_BLENDING UNITY_ENABLE_DETAIL_NORMALMAP SHADER_API_DESKTOP UNITY_LIGHT_PROBE_PROXY_VOLUME UNITY_LIGHTMAP_FULL_HDR ok=1
Cmd: compileSnippet
  api=4 type=1 insize=23137 outsize=426 kw= pd=UNITY_ENABLE_REFLECTION_BUFFERS UNITY_USE_DITHER_MASK_FOR_ALPHABLENDED_SHADOWS UNITY_PBS_USE_BRDF1 UNITY_SPECCUBE_BOX_PROJECTION UNITY_SPECCUBE_BLENDING UNITY_ENABLE_DETAIL_NORMALMAP SHADER_API_DESKTOP UNITY_LIGHT_PROBE_PROXY_VOLUME UNITY_LIGHTMAP_FULL_HDR ok=1
Cmd: preprocessCompute
  insize=7637 outsize=7639 ok=1
Cmd: preprocessCompute
  insize=8063 outsize=8065 ok=1
Cmd: preprocess
  insize=40568 outsize=625 ok=1
Cmd: preprocessCompute
  insize=1971 outsize=1973 ok=1
Cmd: preprocessCompute
  insize=7801 outsize=7803 ok=1
Cmd: preprocessCompute
  insize=8168 outsize=8170 ok=1
Cmd: preprocess
  insize=40483 outsize=624 ok=1
Cmd: preprocessCompute
  insize=1971 outsize=1973 ok=1
Cmd: preprocessCompute
  insize=7637 outsize=7639 ok=1
Cmd: preprocessCompute
  insize=8063 outsize=8065 ok=1
Cmd: preprocess
  insize=40568 outsize=625 ok=1
Cmd: preprocessCompute
  insize=1971 outsize=1973 ok=1
Cmd: preprocessCompute
  insize=7637 outsize=7639 ok=1
Cmd: preprocessCompute
  insize=8063 outsize=8065 ok=1
Cmd: preprocess
  insize=40568 outsize=625 ok=1
Cmd: preprocessCompute
  insize=1971 outsize=1973 ok=1
Cmd: preprocessCompute
  insize=7637 outsize=7639 ok=1
Cmd: preprocessCompute
  insize=8063 outsize=8065 ok=1
Cmd: preprocess
  insize=40568 outsize=625 ok=1
Cmd: preprocessCompute
  insize=1971 outsize=1973 ok=1
Cmd: preprocessCompute
  insize=7637 outsize=7639 ok=1
Cmd: preprocessCompute
  insize=8063 outsize=8065 ok=1
Cmd: preprocess
  insize=40568 outsize=625 ok=1
Cmd: preprocessCompute
  insize=1971 outsize=1973 ok=1
Cmd: preprocessCompute
  insize=7801 outsize=7803 ok=1
Cmd: preprocessCompute
  insize=8168 outsize=8170 ok=1
Cmd: preprocess
  insize=40483 outsize=624 ok=1
Cmd: preprocessCompute
  insize=1971 outsize=1973 ok=1
Cmd: preprocessCompute
  insize=7637 outsize=7639 ok=1
Cmd: preprocessCompute
  insize=8063 outsize=8065 ok=1
Cmd: preprocess
  insize=40568 outsize=625 ok=1
Cmd: preprocessCompute
  insize=1971 outsize=1973 ok=1
Cmd: preprocessCompute
  insize=7801 outsize=7803 ok=1
Cmd: preprocessCompute
  insize=8168 outsize=8170 ok=1
Cmd: preprocess
  insize=40483 outsize=624 ok=1
Cmd: preprocessCompute
  insize=1971 outsize=1973 ok=1
Cmd: preprocessCompute
  insize=7801 outsize=7803 ok=1
Cmd: preprocessCompute
  insize=8168 outsize=8170 ok=1
Cmd: preprocess
  insize=40483 outsize=624 ok=1
Cmd: preprocessCompute
  insize=1971 outsize=1973 ok=1
Cmd: preprocessCompute
  insize=7637 outsize=7639 ok=1
Cmd: preprocessCompute
  insize=8063 outsize=8065 ok=1
Cmd: preprocess
  insize=40568 outsize=625 ok=1
Cmd: preprocessCompute
  insize=1971 outsize=1973 ok=1
Cmd: preprocessCompute
  insize=7637 outsize=7639 ok=1
Cmd: preprocessCompute
  insize=8063 outsize=8065 ok=1
Cmd: preprocess
  insize=40568 outsize=625 ok=1
Cmd: preprocessCompute
  insize=1971 outsize=1973 ok=1
Cmd: preprocessCompute
  insize=6374 outsize=6376 ok=1
Cmd: preprocessCompute
  insize=5816 outsize=5818 ok=1
Cmd: preprocess
  insize=39495 outsize=626 ok=1
Cmd: preprocessCompute
  insize=1968 outsize=1970 ok=1
Cmd: preprocessCompute
  insize=7637 outsize=7639 ok=1
Cmd: preprocessCompute
  insize=8063 outsize=8065 ok=1
Cmd: preprocess
  insize=40568 outsize=625 ok=1
Cmd: preprocessCompute
  insize=1971 outsize=1973 ok=1
Cmd: preprocessCompute
  insize=7637 outsize=7639 ok=1
Cmd: preprocessCompute
  insize=8063 outsize=8065 ok=1
Cmd: preprocess
  insize=40568 outsize=625 ok=1
Cmd: preprocessCompute
  insize=1971 outsize=1973 ok=1
Cmd: preprocessCompute
  insize=6374 outsize=6376 ok=1
Cmd: preprocessCompute
  insize=5816 outsize=5818 ok=1
Cmd: preprocess
  insize=39495 outsize=626 ok=1
Cmd: preprocessCompute
  insize=1968 outsize=1970 ok=1
Cmd: preprocessCompute
  insize=6340 outsize=6342 ok=1
Cmd: preprocessCompute
  insize=5816 outsize=5818 ok=1
Cmd: preprocess
  insize=39495 outsize=626 ok=1
Cmd: preprocessCompute
  insize=1968 outsize=1970 ok=1
Cmd: preprocessCompute
  insize=6374 outsize=6376 ok=1
Cmd: preprocessCompute
  insize=5816 outsize=5818 ok=1
Cmd: preprocess
  insize=39495 outsize=626 ok=1
Cmd: preprocessCompute
  insize=1968 outsize=1970 ok=1
Cmd: preprocessCompute
  insize=7801 outsize=7803 ok=1
Cmd: preprocessCompute
  insize=8168 outsize=8170 ok=1
Cmd: preprocess
  insize=40483 outsize=624 ok=1
Cmd: preprocessCompute
  insize=1971 outsize=1973 ok=1
Cmd: preprocessCompute
  insize=7801 outsize=7803 ok=1
Cmd: preprocessCompute
  insize=6820 outsize=6822 ok=1
Cmd: compileComputeKernel
  api=4 insize=6822 outsize=1744 ok=1
Cmd: preprocess
  insize=40483 outsize=624 ok=1
Cmd: preprocessCompute
  insize=1971 outsize=1973 ok=1
Cmd: preprocessCompute
  insize=7801 outsize=7803 ok=1
Cmd: preprocessCompute
  insize=6820 outsize=6822 ok=1
Cmd: preprocess
  insize=40483 outsize=624 ok=1
Cmd: preprocessCompute
  insize=1971 outsize=1973 ok=1
Cmd: preprocessCompute
  insize=7801 outsize=7803 ok=1
Cmd: preprocessCompute
  insize=8168 outsize=8170 ok=1
Cmd: preprocess
  insize=40483 outsize=624 ok=1
Cmd: preprocessCompute
  insize=1971 outsize=1973 ok=1
Cmd: preprocessCompute
  insize=7801 outsize=7803 ok=1
Cmd: preprocessCompute
  insize=8168 outsize=8170 ok=1
Cmd: preprocess
  insize=40483 outsize=624 ok=1
Cmd: preprocessCompute
  insize=1971 outsize=1973 ok=1
Cmd: preprocessCompute
  insize=7801 outsize=7803 ok=1
Cmd: preprocessCompute
  insize=8168 outsize=8170 ok=1
Cmd: preprocess
  insize=40483 outsize=624 ok=1
Cmd: preprocessCompute
  insize=1971 outsize=1973 ok=1
Cmd: preprocessCompute
  insize=7799 outsize=7801 ok=1
Cmd: compileComputeKernel
  api=4 insize=7801 outsize=2591 ok=1
Cmd: preprocessCompute
  insize=8162 outsize=8164 ok=1
Cmd: compileComputeKernel
  api=4 insize=8164 outsize=2879 ok=1
Cmd: preprocess
  insize=40473 outsize=625 ok=1
Cmd: preprocessCompute
  insize=1970 outsize=1972 ok=1
Cmd: compileComputeKernel
  api=4 insize=1972 outsize=1398 ok=1
Cmd: preprocessCompute
  insize=7799 outsize=7801 ok=1
Cmd: preprocessCompute
  insize=8162 outsize=8164 ok=1
Cmd: preprocess
  insize=40473 outsize=625 ok=1
Cmd: preprocessCompute
  insize=1970 outsize=1972 ok=1
Cmd: preprocessCompute
  insize=7799 outsize=7801 ok=1
Cmd: preprocessCompute
  insize=8162 outsize=8164 ok=1
Cmd: preprocess
  insize=40473 outsize=625 ok=1
Cmd: preprocessCompute
  insize=1970 outsize=1972 ok=1
Cmd: preprocessCompute
  insize=7799 outsize=7801 ok=1
Cmd: preprocessCompute
  insize=8162 outsize=8164 ok=1
Cmd: preprocess
  insize=40473 outsize=625 ok=1
Cmd: preprocessCompute
  insize=1970 outsize=1972 ok=1
Cmd: preprocessCompute
  insize=6374 outsize=6376 ok=1
Cmd: preprocessCompute
  insize=5816 outsize=5818 ok=1
Cmd: preprocess
  insize=39495 outsize=626 ok=1
Cmd: preprocessCompute
  insize=1968 outsize=1970 ok=1
Cmd: preprocessCompute
  insize=7799 outsize=7801 ok=1
Cmd: preprocessCompute
  insize=8162 outsize=8164 ok=1
Cmd: preprocess
  insize=40473 outsize=625 ok=1
Cmd: preprocessCompute
  insize=1970 outsize=1972 ok=1
Cmd: preprocessCompute
  insize=6340 outsize=6342 ok=1
Cmd: compileComputeKernel
  api=4 insize=6342 outsize=2279 ok=1
Cmd: preprocessCompute
  insize=8162 outsize=8164 ok=1
Cmd: compileComputeKernel
  api=4 insize=8164 outsize=2879 ok=1
Cmd: preprocess
  insize=40473 outsize=625 ok=1
Cmd: preprocessCompute
  insize=1970 outsize=1972 ok=1
Cmd: preprocessCompute
  insize=6340 outsize=6342 ok=1
Cmd: preprocessCompute
  insize=8162 outsize=8164 ok=1
Cmd: preprocess
  insize=40473 outsize=625 ok=1
Cmd: preprocessCompute
  insize=1970 outsize=1972 ok=1
Cmd: preprocessCompute
  insize=7799 outsize=7801 ok=1
Cmd: preprocessCompute
  insize=8162 outsize=8164 ok=1
Cmd: preprocess
  insize=40473 outsize=625 ok=1
Cmd: preprocessCompute
  insize=1970 outsize=1972 ok=1
Cmd: preprocessCompute
  insize=7799 outsize=7801 ok=1
Cmd: preprocessCompute
  insize=8162 outsize=8164 ok=1
Cmd: preprocess
  insize=40473 outsize=625 ok=1
Cmd: preprocessCompute
  insize=1970 outsize=1972 ok=1
Cmd: preprocessCompute
  insize=7820 outsize=7822 ok=1
Cmd: compileComputeKernel
  api=4 insize=7822 outsize=2821 ok=1
Cmd: preprocessCompute
  insize=8162 outsize=8164 ok=1
Cmd: preprocess
  insize=40473 outsize=625 ok=1
Cmd: preprocessCompute
  insize=1970 outsize=1972 ok=1
Cmd: preprocessCompute
  insize=7820 outsize=7822 ok=1
Cmd: preprocessCompute
  insize=8162 outsize=8164 ok=1
Cmd: preprocess
  insize=40473 outsize=625 ok=1
Cmd: preprocessCompute
  insize=1970 outsize=1972 ok=1
Cmd: preprocessCompute
  insize=7799 outsize=7801 ok=1
Cmd: preprocessCompute
  insize=8162 outsize=8164 ok=1
Cmd: preprocess
  insize=40473 outsize=625 ok=1
Cmd: preprocessCompute
  insize=1970 outsize=1972 ok=1
Cmd: preprocessCompute
  insize=7799 outsize=7801 ok=1
Cmd: preprocessCompute
  insize=8162 outsize=8164 ok=1
Cmd: preprocess
  insize=40473 outsize=625 ok=1
Cmd: preprocessCompute
  insize=1970 outsize=1972 ok=1
Cmd: preprocessCompute
  insize=7802 outsize=7804 ok=1
Cmd: compileComputeKernel
  api=4 insize=7804 outsize=2759 ok=1
Cmd: preprocessCompute
  insize=8162 outsize=8164 ok=1
Cmd: preprocess
  insize=40473 outsize=625 ok=1
Cmd: preprocessCompute
  insize=1970 outsize=1972 ok=1
Cmd: preprocessCompute
  insize=7802 outsize=7804 ok=1
Cmd: preprocessCompute
  insize=8162 outsize=8164 ok=1
Cmd: preprocess
  insize=40473 outsize=625 ok=1
Cmd: preprocessCompute
  insize=1970 outsize=1972 ok=1
Cmd: preprocessCompute
  insize=7799 outsize=7801 ok=1
Cmd: preprocessCompute
  insize=8162 outsize=8164 ok=1
Cmd: preprocess
  insize=40473 outsize=625 ok=1
Cmd: preprocessCompute
  insize=1970 outsize=1972 ok=1
Cmd: preprocessCompute
  insize=7659 outsize=7661 ok=1
Cmd: compileComputeKernel
  api=4 insize=7661 outsize=2669 ok=1
Cmd: preprocessCompute
  insize=8162 outsize=8164 ok=1
Cmd: preprocess
  insize=40473 outsize=625 ok=1
Cmd: preprocessCompute
  insize=1970 outsize=1972 ok=1
Cmd: preprocessCompute
  insize=7659 outsize=7661 ok=1
Cmd: preprocessCompute
  insize=8162 outsize=8164 ok=1
Cmd: preprocess
  insize=40473 outsize=625 ok=1
Cmd: preprocessCompute
  insize=1970 outsize=1972 ok=1
Cmd: preprocessCompute
  insize=7799 outsize=7801 ok=1
Cmd: preprocessCompute
  insize=8162 outsize=8164 ok=1
Cmd: preprocess
  insize=40473 outsize=625 ok=1
Cmd: preprocessCompute
  insize=1970 outsize=1972 ok=1
Cmd: preprocessCompute
  insize=7799 outsize=7801 ok=1
Cmd: preprocessCompute
  insize=8162 outsize=8164 ok=1
Cmd: preprocess
  insize=40473 outsize=625 ok=1
Cmd: preprocessCompute
  insize=1970 outsize=1972 ok=1
Cmd: preprocessCompute
  insize=7801 outsize=7803 ok=1
Cmd: preprocessCompute
  insize=8168 outsize=8170 ok=1
Cmd: preprocess
  insize=40483 outsize=624 ok=1
Cmd: preprocessCompute
  insize=1971 outsize=1973 ok=1
Cmd: preprocessCompute
  insize=7801 outsize=7803 ok=1
Cmd: preprocessCompute
  insize=8168 outsize=8170 ok=1
Cmd: preprocess
  insize=40483 outsize=624 ok=1
Cmd: preprocessCompute
  insize=1971 outsize=1973 ok=1
Cmd: preprocessCompute
  insize=7801 outsize=7803 ok=1
Cmd: preprocessCompute
  insize=8168 outsize=8170 ok=1
Cmd: preprocess
  insize=40483 outsize=624 ok=1
Cmd: preprocessCompute
  insize=1971 outsize=1973 ok=1
Cmd: preprocessCompute
  insize=7801 outsize=7803 ok=1
Cmd: preprocessCompute
  insize=8168 outsize=8170 ok=1
Cmd: preprocess
  insize=40483 outsize=624 ok=1
Cmd: preprocessCompute
  insize=1971 outsize=1973 ok=1
Cmd: preprocessCompute
  insize=7801 outsize=7803 ok=1
Cmd: preprocessCompute
  insize=8168 outsize=8170 ok=1
Cmd: preprocess
  insize=40483 outsize=624 ok=1
Cmd: preprocessCompute
  insize=1971 outsize=1973 ok=1
Cmd: preprocessCompute
  insize=7553 outsize=7555 ok=1
Cmd: compileComputeKernel
  api=4 insize=7555 outsize=2075 ok=1
Cmd: preprocessCompute
  insize=8063 outsize=8065 ok=1
Cmd: preprocess
  insize=40568 outsize=625 ok=1
Cmd: preprocessCompute
  insize=1971 outsize=1973 ok=1
Cmd: preprocessCompute
  insize=7553 outsize=7555 ok=1
Cmd: preprocessCompute
  insize=8063 outsize=8065 ok=1
Cmd: preprocess
  insize=40568 outsize=625 ok=1
Cmd: preprocessCompute
  insize=1971 outsize=1973 ok=1
